  main.cpp
D:\Repositories\RaytracerInOneWeekend\source\stb_image_write.hpp(776,13): warning C4996: 'sprintf': This function or variable may be unsafe. Consider using sprintf_s instead. To disable deprecation, use _CRT_SECURE_NO_WARNINGS. See online help for details.
D:\Repositories\RaytracerInOneWeekend\source\vec3.hpp(24,59): warning C4244: 'argument': conversion from 'double' to 'int', possible loss of data
D:\Repositories\RaytracerInOneWeekend\source\vec3.hpp(24,54): warning C4244: 'argument': conversion from 'double' to 'int', possible loss of data
D:\Repositories\RaytracerInOneWeekend\source\vec3.hpp(24,103): warning C4244: 'argument': conversion from 'double' to 'int', possible loss of data
D:\Repositories\RaytracerInOneWeekend\source\vec3.hpp(24,98): warning C4244: 'argument': conversion from 'double' to 'int', possible loss of data
D:\Repositories\RaytracerInOneWeekend\source\vec3.hpp(24,147): warning C4244: 'argument': conversion from 'double' to 'int', possible loss of data
D:\Repositories\RaytracerInOneWeekend\source\vec3.hpp(24,142): warning C4244: 'argument': conversion from 'double' to 'int', possible loss of data
D:\Repositories\RaytracerInOneWeekend\source\vec3.hpp(124,51): warning C4390: ';': empty controlled statement found; is this the intent?
D:\Repositories\RaytracerInOneWeekend\source\vec3.hpp(141,68): warning C4244: 'argument': conversion from 'double' to 'int', possible loss of data
D:\Repositories\RaytracerInOneWeekend\source\vec3.hpp(141,63): warning C4244: 'argument': conversion from 'double' to 'int', possible loss of data
D:\Repositories\RaytracerInOneWeekend\source\vec3.hpp(141,113): warning C4244: 'argument': conversion from 'double' to 'int', possible loss of data
D:\Repositories\RaytracerInOneWeekend\source\vec3.hpp(141,108): warning C4244: 'argument': conversion from 'double' to 'int', possible loss of data
D:\Repositories\RaytracerInOneWeekend\source\main.cpp(104,69): warning C4244: 'argument': conversion from 'double' to 'int', possible loss of data
D:\Repositories\RaytracerInOneWeekend\source\main.cpp(137,65): warning C4244: 'argument': conversion from 'double' to 'int', possible loss of data
D:\Repositories\RaytracerInOneWeekend\source\main.cpp(137,60): warning C4244: 'argument': conversion from 'double' to 'int', possible loss of data
D:\Repositories\RaytracerInOneWeekend\source\main.cpp(138,65): warning C4244: 'argument': conversion from 'double' to 'int', possible loss of data
D:\Repositories\RaytracerInOneWeekend\source\main.cpp(138,60): warning C4244: 'argument': conversion from 'double' to 'int', possible loss of data
D:\Repositories\RaytracerInOneWeekend\source\main.cpp(157,65): warning C4244: 'argument': conversion from 'double' to 'int', possible loss of data
D:\Repositories\RaytracerInOneWeekend\source\main.cpp(157,60): warning C4244: 'argument': conversion from 'double' to 'int', possible loss of data
D:\Repositories\RaytracerInOneWeekend\source\main.cpp(158,65): warning C4244: 'argument': conversion from 'double' to 'int', possible loss of data
D:\Repositories\RaytracerInOneWeekend\source\main.cpp(158,60): warning C4244: 'argument': conversion from 'double' to 'int', possible loss of data
D:\Repositories\RaytracerInOneWeekend\source\main.cpp(177,65): warning C4244: 'argument': conversion from 'double' to 'int', possible loss of data
D:\Repositories\RaytracerInOneWeekend\source\main.cpp(177,60): warning C4244: 'argument': conversion from 'double' to 'int', possible loss of data
D:\Repositories\RaytracerInOneWeekend\source\main.cpp(178,65): warning C4244: 'argument': conversion from 'double' to 'int', possible loss of data
D:\Repositories\RaytracerInOneWeekend\source\main.cpp(178,60): warning C4244: 'argument': conversion from 'double' to 'int', possible loss of data
D:\Repositories\RaytracerInOneWeekend\source\main.cpp(291,30): warning C4018: '<': signed/unsigned mismatch
main.obj : error LNK2019: unresolved external symbol __imp__oidnNewDevice referenced in function "class oidn::DeviceRef __cdecl oidn::newDevice(enum oidn::DeviceType)" (?newDevice@oidn@@YA?AVDeviceRef@1@W4DeviceType@1@@Z)
main.obj : error LNK2019: unresolved external symbol __imp__oidnReleaseDevice referenced in function "public: __thiscall oidn::DeviceRef::~DeviceRef(void)" (??1DeviceRef@oidn@@QAE@XZ)
main.obj : error LNK2019: unresolved external symbol __imp__oidnCommitDevice referenced in function "public: void __thiscall oidn::DeviceRef::commit(void)" (?commit@DeviceRef@oidn@@QAEXXZ)
main.obj : error LNK2019: unresolved external symbol __imp__oidnNewFilter referenced in function "public: class oidn::FilterRef __thiscall oidn::DeviceRef::newFilter(char const *)const " (?newFilter@DeviceRef@oidn@@QBE?AVFilterRef@2@PBD@Z)
main.obj : error LNK2019: unresolved external symbol __imp__oidnReleaseFilter referenced in function "public: __thiscall oidn::FilterRef::~FilterRef(void)" (??1FilterRef@oidn@@QAE@XZ)
main.obj : error LNK2019: unresolved external symbol __imp__oidnSetSharedFilterImage referenced in function "public: void __thiscall oidn::FilterRef::setImage(char const *,void *,enum oidn::Format,unsigned int,unsigned int,unsigned int,unsigned int,unsigned int)" (?setImage@FilterRef@oidn@@QAEXPBDPAXW4Format@2@IIIII@Z)
main.obj : error LNK2019: unresolved external symbol __imp__oidnSetFilter1b referenced in function "public: void __thiscall oidn::FilterRef::set(char const *,bool)" (?set@FilterRef@oidn@@QAEXPBD_N@Z)
main.obj : error LNK2019: unresolved external symbol __imp__oidnCommitFilter referenced in function "public: void __thiscall oidn::FilterRef::commit(void)" (?commit@FilterRef@oidn@@QAEXXZ)
main.obj : error LNK2019: unresolved external symbol __imp__oidnExecuteFilter referenced in function "public: void __thiscall oidn::FilterRef::execute(void)" (?execute@FilterRef@oidn@@QAEXXZ)
MSVCRTD.lib(exe_winmain.obj) : error LNK2019: unresolved external symbol _WinMain@16 referenced in function "int __cdecl invoke_main(void)" (?invoke_main@@YAHXZ)
D:\Repositories\RaytracerInOneWeekend\source\Debug\RaytracerInOneWeekend.exe : fatal error LNK1120: 10 unresolved externals
